# Logfile created on 2014-01-18 14:14:05 +0000 by logger.rb/44203
I, [2014-01-18T14:14:05.461408 #26543]  INFO -- : 0:  rake (10.1.1) from /home/dim/.rvm/gems/ruby-2.1.0/specifications/rake-10.1.1.gemspec
I, [2014-01-18T14:14:05.461973 #26543]  INFO -- : 0:  bundler (1.5.0) from /home/dim/.rvm/gems/ruby-2.1.0/specifications/bundler-1.5.0.gemspec
I, [2014-01-18T14:14:05.462372 #26543]  INFO -- : 0:  timers (1.1.0) from /home/dim/.rvm/gems/ruby-2.1.0/specifications/timers-1.1.0.gemspec
I, [2014-01-18T14:14:05.462778 #26543]  INFO -- : 0:  celluloid (0.15.2) from /home/dim/.rvm/gems/ruby-2.1.0/specifications/celluloid-0.15.2.gemspec
I, [2014-01-18T14:14:05.463185 #26543]  INFO -- : 0:  nio4r (1.0.0) from /home/dim/.rvm/gems/ruby-2.1.0/specifications/nio4r-1.0.0.gemspec
I, [2014-01-18T14:14:05.463590 #26543]  INFO -- : 0:  celluloid-io (0.15.0) from /home/dim/.rvm/gems/ruby-2.1.0/specifications/celluloid-io-0.15.0.gemspec
I, [2014-01-18T14:14:05.464023 #26543]  INFO -- : 0:  diff-lcs (1.2.5) from /home/dim/.rvm/gems/ruby-2.1.0/specifications/diff-lcs-1.2.5.gemspec
I, [2014-01-18T14:14:05.464449 #26543]  INFO -- : 0:  multi_json (1.8.4) from /home/dim/.rvm/gems/ruby-2.1.0/specifications/multi_json-1.8.4.gemspec
I, [2014-01-18T14:14:05.464867 #26543]  INFO -- : 0:  timed_lru (0.3.1) from /home/dim/.rvm/gems/ruby-2.1.0/specifications/timed_lru-0.3.1.gemspec
I, [2014-01-18T14:14:05.540863 #26543]  INFO -- : 0:  fluq (0.8.0) from /home/dim/.rvm/gems/ruby-2.1.0/bundler/gems/fluq-87e8d5d493b0/fluq.gemspec
I, [2014-01-18T14:14:06.855386 #26543]  INFO -- : 0:  poseidon (0.0.4) from /home/dim/.rvm/gems/ruby-2.1.0/specifications/poseidon-0.0.4.gemspec
I, [2014-01-18T14:14:06.856594 #26543]  INFO -- : 0:  little-plugger (1.1.3) from /home/dim/.rvm/gems/ruby-2.1.0/specifications/little-plugger-1.1.3.gemspec
I, [2014-01-18T14:14:06.857551 #26543]  INFO -- : 0:  logging (1.7.2) from /home/dim/.rvm/gems/ruby-2.1.0/specifications/logging-1.7.2.gemspec
I, [2014-01-18T14:14:06.858502 #26543]  INFO -- : 0:  zookeeper (1.4.8) from /home/dim/.rvm/gems/ruby-2.1.0/specifications/zookeeper-1.4.8.gemspec
I, [2014-01-18T14:14:06.859447 #26543]  INFO -- : 0:  zk (1.9.3) from /home/dim/.rvm/gems/ruby-2.1.0/specifications/zk-1.9.3.gemspec
I, [2014-01-18T14:14:08.458286 #26543]  INFO -- : 0:  poseidon_cluster (0.0.2) from /home/dim/.rvm/gems/ruby-2.1.0/specifications/poseidon_cluster-0.0.2.gemspec
I, [2014-01-18T14:14:08.467851 #26543]  INFO -- : 0:  fluq-kafka (0.8.0) from /home/dim/Work/fluq-kafka/fluq-kafka.gemspec
I, [2014-01-18T14:14:08.468749 #26543]  INFO -- : 0:  rspec-core (2.14.7) from /home/dim/.rvm/gems/ruby-2.1.0/specifications/rspec-core-2.14.7.gemspec
I, [2014-01-18T14:14:08.469579 #26543]  INFO -- : 0:  rspec-expectations (2.14.4) from /home/dim/.rvm/gems/ruby-2.1.0/specifications/rspec-expectations-2.14.4.gemspec
I, [2014-01-18T14:14:08.470275 #26543]  INFO -- : 0:  rspec-mocks (2.14.4) from /home/dim/.rvm/gems/ruby-2.1.0/specifications/rspec-mocks-2.14.4.gemspec
I, [2014-01-18T14:14:08.470843 #26543]  INFO -- : 0:  rspec (2.14.1) from /home/dim/.rvm/gems/ruby-2.1.0/specifications/rspec-2.14.1.gemspec
I, [2014-01-18T14:14:08.471430 #26543]  INFO -- : 0:  yard (0.8.7.3) from /home/dim/.rvm/gems/ruby-2.1.0/specifications/yard-0.8.7.3.gemspec
